<?xml version="1.0" encoding="UTF-8"?>
<testng-results ignored="0" total="1" passed="1" failed="0" skipped="0">
  <reporter-output>
  </reporter-output>
  <suite started-at="2019-04-01T18:58:20Z" name="Default suite" finished-at="2019-04-01T18:59:58Z" duration-ms="98373">
    <groups>
    </groups>
    <test started-at="2019-04-01T18:58:20Z" name="Default test" finished-at="2019-04-01T18:59:58Z" duration-ms="98373">
      <class name="com.Maven.testCases.TC_LoginTest_001">
        <test-method is-config="true" signature="setup()[pri:0, instance:com.Maven.testCases.TC_LoginTest_001@424e1977]" started-at="2019-04-01T18:58:20Z" name="setup" finished-at="2019-04-01T18:59:03Z" duration-ms="43721" status="PASS">
          <reporter-output>
          </reporter-output>
        </test-method> <!-- setup -->
        <test-method signature="loginTest()[pri:0, instance:com.Maven.testCases.TC_LoginTest_001@424e1977]" started-at="2019-04-01T18:59:04Z" name="loginTest" finished-at="2019-04-01T18:59:56Z" duration-ms="52716" status="PASS">
          <reporter-output>
          </reporter-output>
        </test-method> <!-- loginTest -->
        <test-method is-config="true" signature="tearDown()[pri:0, instance:com.Maven.testCases.TC_LoginTest_001@424e1977]" started-at="2019-04-01T18:59:56Z" name="tearDown" finished-at="2019-04-01T18:59:58Z" duration-ms="1843" status="PASS">
          <reporter-output>
          </reporter-output>
        </test-method> <!-- tearDown -->
      </class> <!-- com.Maven.testCases.TC_LoginTest_001 -->
    </test> <!-- Default test -->
  </suite> <!-- Default suite -->
</testng-results>
